<?xml version="1.0" encoding="UTF-8"?>
<robot generator="Robot 3.2.2 (Python 3.9.0 on win32)" generated="20210210 07:31:01.534" rpa="false">
<suite id="s1" name="Login" source="C:\Users\04.000376\source-github\robotframework\parodify\login.robot">
<test id="s1-t1" name="Login com sucesso">
<kw name="Open Login Page" library="login_actions">
<kw name="Open Browser" library="Browser">
<tags>
<tag>BrowserControl</tag>
<tag>Setter</tag>
</tags>
<doc>Opens a new browser instance. Use this keyword for quick experiments or debugging sessions.
Use `New Page` directly instead of `Open Browser` for production and automated execution.
See `Browser, Context and Page` for more information about Browser and related concepts.</doc>
<arguments>
<arg>https://parodify.herokuapp.com/users/sign_in</arg>
<arg>chromium</arg>
</arguments>
<msg timestamp="20210210 07:31:02.367" level="WARN">Open Browser is for quick experimentation and debugging only. Use New Page for production.</msg>
<msg timestamp="20210210 07:31:02.368" level="INFO">{"browser": "chromium", "headless": false, "handleSIGINT": true, "handleSIGTERM": true, "handleSIGHUP": true, "timeout": 30000.0, "devtools": false, "slowMo": 0.0}</msg>
<msg timestamp="20210210 07:31:02.962" level="INFO">Successfully created browser with options: {"browser":"chromium","headless":false,"handleSIGINT":true,"handleSIGTERM":true,"handleSIGHUP":true,"timeout":30000,"devtools":false,"slowMo":0}</msg>
<msg timestamp="20210210 07:31:02.964" level="INFO">{"acceptDownloads": false, "ignoreHTTPSErrors": false, "bypassCSP": false, "deviceScaleFactor": 1.0, "isMobile": false, "hasTouch": false, "javaScriptEnabled": true, "offline": false, "hideRfBrowser": false}</msg>
<msg timestamp="20210210 07:31:02.987" level="INFO">Successfully created context with options: {"acceptDownloads":false,"ignoreHTTPSErrors":false,"bypassCSP":false,"deviceScaleFactor":1,"isMobile":false,"hasTouch":false,"javaScriptEnabled":true,"offline":false,"hideRfBrowser":false}</msg>
<msg timestamp="20210210 07:31:11.126" level="INFO">Successfully initialized new page object and opened url: https://parodify.herokuapp.com/users/sign_in</msg>
<status status="PASS" starttime="20210210 07:31:02.367" endtime="20210210 07:31:11.127"></status>
</kw>
<status status="PASS" starttime="20210210 07:31:02.366" endtime="20210210 07:31:11.127"></status>
</kw>
<kw name="Login With" library="login_actions">
<arguments>
<arg>papito@parodify.com</arg>
<arg>pwd123</arg>
</arguments>
<kw name="Fill Text" library="Browser">
<tags>
<tag>PageContent</tag>
<tag>Setter</tag>
</tags>
<doc>Clears and fills the given ``text`` into the text field found by ``selector``.</doc>
<arguments>
<arg>id=user_email</arg>
<arg>${email_arg}</arg>
</arguments>
<msg timestamp="20210210 07:31:11.130" level="INFO">Fills the text 'papito@parodify.com' in the given field.</msg>
<status status="PASS" starttime="20210210 07:31:11.129" endtime="20210210 07:31:11.174"></status>
</kw>
<kw name="Fill Text" library="Browser">
<tags>
<tag>PageContent</tag>
<tag>Setter</tag>
</tags>
<doc>Clears and fills the given ``text`` into the text field found by ``selector``.</doc>
<arguments>
<arg>id=user_password</arg>
<arg>${pass_arg}</arg>
</arguments>
<msg timestamp="20210210 07:31:11.175" level="INFO">Fills the text 'pwd123' in the given field.</msg>
<status status="PASS" starttime="20210210 07:31:11.175" endtime="20210210 07:31:11.193"></status>
</kw>
<kw name="Click" library="Browser">
<tags>
<tag>PageContent</tag>
<tag>Setter</tag>
</tags>
<doc>Simulates mouse click on the element found by ``selector``.</doc>
<arguments>
<arg>css=input[type=submit]</arg>
</arguments>
<status status="PASS" starttime="20210210 07:31:11.193" endtime="20210210 07:31:13.359"></status>
</kw>
<status status="PASS" starttime="20210210 07:31:11.128" endtime="20210210 07:31:13.359"></status>
</kw>
<kw name="Wait For Elements State" library="Browser">
<tags>
<tag>PageContent</tag>
<tag>Wait</tag>
</tags>
<doc>Waits for the element found by ``selector`` to satisfy state option.</doc>
<arguments>
<arg>css=a[href$="sign_out"]</arg>
<arg>visible</arg>
<arg>10</arg>
</arguments>
<msg timestamp="20210210 07:31:13.785" level="INFO">Wait for Element with selector: css=a[href$="sign_out"]</msg>
<status status="PASS" starttime="20210210 07:31:13.360" endtime="20210210 07:31:13.786"></status>
</kw>
<kw name="Take Screenshot" library="Browser" type="teardown">
<tags>
<tag>PageContent</tag>
</tags>
<doc>Takes a screenshot of the current window and saves it to ``path``. Saves it as a png.</doc>
<msg timestamp="20210210 07:31:14.081" level="INFO" html="yes">&lt;/td&gt;&lt;/tr&gt;&lt;tr&gt;&lt;td colspan="3"&gt;&lt;a href="browser/screenshot/robotframework-browser-screenshot-1.png"&gt;&lt;img src="browser/screenshot/robotframework-browser-screenshot-1.png" width="800px"&gt;&lt;/a&gt;</msg>
<status status="PASS" starttime="20210210 07:31:13.787" endtime="20210210 07:31:14.082"></status>
</kw>
<status status="PASS" starttime="20210210 07:31:02.359" endtime="20210210 07:31:14.082" critical="yes"></status>
</test>
<test id="s1-t2" name="Senha incorreta">
<kw name="Open Login Page" library="login_actions">
<kw name="Open Browser" library="Browser">
<tags>
<tag>BrowserControl</tag>
<tag>Setter</tag>
</tags>
<doc>Opens a new browser instance. Use this keyword for quick experiments or debugging sessions.
Use `New Page` directly instead of `Open Browser` for production and automated execution.
See `Browser, Context and Page` for more information about Browser and related concepts.</doc>
<arguments>
<arg>https://parodify.herokuapp.com/users/sign_in</arg>
<arg>chromium</arg>
</arguments>
<msg timestamp="20210210 07:31:14.188" level="WARN">Open Browser is for quick experimentation and debugging only. Use New Page for production.</msg>
<msg timestamp="20210210 07:31:14.189" level="INFO">{"browser": "chromium", "headless": false, "handleSIGINT": true, "handleSIGTERM": true, "handleSIGHUP": true, "timeout": 30000.0, "devtools": false, "slowMo": 0.0}</msg>
<msg timestamp="20210210 07:31:14.773" level="INFO">Successfully created browser with options: {"browser":"chromium","headless":false,"handleSIGINT":true,"handleSIGTERM":true,"handleSIGHUP":true,"timeout":30000,"devtools":false,"slowMo":0}</msg>
<msg timestamp="20210210 07:31:14.775" level="INFO">{"acceptDownloads": false, "ignoreHTTPSErrors": false, "bypassCSP": false, "deviceScaleFactor": 1.0, "isMobile": false, "hasTouch": false, "javaScriptEnabled": true, "offline": false, "hideRfBrowser": false}</msg>
<msg timestamp="20210210 07:31:14.796" level="INFO">Successfully created context with options: {"acceptDownloads":false,"ignoreHTTPSErrors":false,"bypassCSP":false,"deviceScaleFactor":1,"isMobile":false,"hasTouch":false,"javaScriptEnabled":true,"offline":false,"hideRfBrowser":false}</msg>
<msg timestamp="20210210 07:31:19.078" level="INFO">Successfully initialized new page object and opened url: https://parodify.herokuapp.com/users/sign_in</msg>
<status status="PASS" starttime="20210210 07:31:14.188" endtime="20210210 07:31:19.079"></status>
</kw>
<status status="PASS" starttime="20210210 07:31:14.187" endtime="20210210 07:31:19.079"></status>
</kw>
<kw name="Login With" library="login_actions">
<arguments>
<arg>papito@parodify.com</arg>
<arg>abc123</arg>
</arguments>
<kw name="Fill Text" library="Browser">
<tags>
<tag>PageContent</tag>
<tag>Setter</tag>
</tags>
<doc>Clears and fills the given ``text`` into the text field found by ``selector``.</doc>
<arguments>
<arg>id=user_email</arg>
<arg>${email_arg}</arg>
</arguments>
<msg timestamp="20210210 07:31:19.083" level="INFO">Fills the text 'papito@parodify.com' in the given field.</msg>
<status status="PASS" starttime="20210210 07:31:19.082" endtime="20210210 07:31:19.130"></status>
</kw>
<kw name="Fill Text" library="Browser">
<tags>
<tag>PageContent</tag>
<tag>Setter</tag>
</tags>
<doc>Clears and fills the given ``text`` into the text field found by ``selector``.</doc>
<arguments>
<arg>id=user_password</arg>
<arg>${pass_arg}</arg>
</arguments>
<msg timestamp="20210210 07:31:19.131" level="INFO">Fills the text 'abc123' in the given field.</msg>
<status status="PASS" starttime="20210210 07:31:19.130" endtime="20210210 07:31:19.149"></status>
</kw>
<kw name="Click" library="Browser">
<tags>
<tag>PageContent</tag>
<tag>Setter</tag>
</tags>
<doc>Simulates mouse click on the element found by ``selector``.</doc>
<arguments>
<arg>css=input[type=submit]</arg>
</arguments>
<status status="PASS" starttime="20210210 07:31:19.149" endtime="20210210 07:31:20.123"></status>
</kw>
<status status="PASS" starttime="20210210 07:31:19.081" endtime="20210210 07:31:20.123"></status>
</kw>
<kw name="Alert Should Be" library="login_actions">
<arguments>
<arg>Opps! Dados de acesso incorretos!</arg>
</arguments>
<kw name="Get Text" library="Browser">
<tags>
<tag>Assertion</tag>
<tag>Getter</tag>
<tag>PageContent</tag>
</tags>
<doc>Returns text attribute of the element found by ``selector``.
See the `Finding elements` section for details about the selectors.</doc>
<arguments>
<arg>css=.is-danger .message-body</arg>
<arg>equal</arg>
<arg>${expect_arg}</arg>
</arguments>
<status status="PASS" starttime="20210210 07:31:20.125" endtime="20210210 07:31:20.454"></status>
</kw>
<status status="PASS" starttime="20210210 07:31:20.124" endtime="20210210 07:31:20.454"></status>
</kw>
<kw name="Take Screenshot" library="Browser" type="teardown">
<tags>
<tag>PageContent</tag>
</tags>
<doc>Takes a screenshot of the current window and saves it to ``path``. Saves it as a png.</doc>
<msg timestamp="20210210 07:31:20.905" level="INFO" html="yes">&lt;/td&gt;&lt;/tr&gt;&lt;tr&gt;&lt;td colspan="3"&gt;&lt;a href="browser/screenshot/robotframework-browser-screenshot-2.png"&gt;&lt;img src="browser/screenshot/robotframework-browser-screenshot-2.png" width="800px"&gt;&lt;/a&gt;</msg>
<status status="PASS" starttime="20210210 07:31:20.456" endtime="20210210 07:31:20.905"></status>
</kw>
<status status="PASS" starttime="20210210 07:31:14.173" endtime="20210210 07:31:20.906" critical="yes"></status>
</test>
<test id="s1-t3" name="Email não existe">
<kw name="Open Login Page" library="login_actions">
<kw name="Open Browser" library="Browser">
<tags>
<tag>BrowserControl</tag>
<tag>Setter</tag>
</tags>
<doc>Opens a new browser instance. Use this keyword for quick experiments or debugging sessions.
Use `New Page` directly instead of `Open Browser` for production and automated execution.
See `Browser, Context and Page` for more information about Browser and related concepts.</doc>
<arguments>
<arg>https://parodify.herokuapp.com/users/sign_in</arg>
<arg>chromium</arg>
</arguments>
<msg timestamp="20210210 07:31:21.018" level="WARN">Open Browser is for quick experimentation and debugging only. Use New Page for production.</msg>
<msg timestamp="20210210 07:31:21.023" level="INFO">{"browser": "chromium", "headless": false, "handleSIGINT": true, "handleSIGTERM": true, "handleSIGHUP": true, "timeout": 30000.0, "devtools": false, "slowMo": 0.0}</msg>
<msg timestamp="20210210 07:31:21.710" level="INFO">Successfully created browser with options: {"browser":"chromium","headless":false,"handleSIGINT":true,"handleSIGTERM":true,"handleSIGHUP":true,"timeout":30000,"devtools":false,"slowMo":0}</msg>
<msg timestamp="20210210 07:31:21.712" level="INFO">{"acceptDownloads": false, "ignoreHTTPSErrors": false, "bypassCSP": false, "deviceScaleFactor": 1.0, "isMobile": false, "hasTouch": false, "javaScriptEnabled": true, "offline": false, "hideRfBrowser": false}</msg>
<msg timestamp="20210210 07:31:21.727" level="INFO">Successfully created context with options: {"acceptDownloads":false,"ignoreHTTPSErrors":false,"bypassCSP":false,"deviceScaleFactor":1,"isMobile":false,"hasTouch":false,"javaScriptEnabled":true,"offline":false,"hideRfBrowser":false}</msg>
<msg timestamp="20210210 07:31:27.876" level="INFO">Successfully initialized new page object and opened url: https://parodify.herokuapp.com/users/sign_in</msg>
<status status="PASS" starttime="20210210 07:31:21.016" endtime="20210210 07:31:27.876"></status>
</kw>
<status status="PASS" starttime="20210210 07:31:21.013" endtime="20210210 07:31:27.877"></status>
</kw>
<kw name="Login With" library="login_actions">
<arguments>
<arg>404@gmail.com</arg>
<arg>abc123</arg>
</arguments>
<kw name="Fill Text" library="Browser">
<tags>
<tag>PageContent</tag>
<tag>Setter</tag>
</tags>
<doc>Clears and fills the given ``text`` into the text field found by ``selector``.</doc>
<arguments>
<arg>id=user_email</arg>
<arg>${email_arg}</arg>
</arguments>
<msg timestamp="20210210 07:31:27.879" level="INFO">Fills the text '404@gmail.com' in the given field.</msg>
<status status="PASS" starttime="20210210 07:31:27.878" endtime="20210210 07:31:27.928"></status>
</kw>
<kw name="Fill Text" library="Browser">
<tags>
<tag>PageContent</tag>
<tag>Setter</tag>
</tags>
<doc>Clears and fills the given ``text`` into the text field found by ``selector``.</doc>
<arguments>
<arg>id=user_password</arg>
<arg>${pass_arg}</arg>
</arguments>
<msg timestamp="20210210 07:31:27.929" level="INFO">Fills the text 'abc123' in the given field.</msg>
<status status="PASS" starttime="20210210 07:31:27.928" endtime="20210210 07:31:27.947"></status>
</kw>
<kw name="Click" library="Browser">
<tags>
<tag>PageContent</tag>
<tag>Setter</tag>
</tags>
<doc>Simulates mouse click on the element found by ``selector``.</doc>
<arguments>
<arg>css=input[type=submit]</arg>
</arguments>
<status status="PASS" starttime="20210210 07:31:27.947" endtime="20210210 07:31:35.278"></status>
</kw>
<status status="PASS" starttime="20210210 07:31:27.877" endtime="20210210 07:31:35.278"></status>
</kw>
<kw name="Alert Should Be" library="login_actions">
<arguments>
<arg>Opps! Dados de acesso incorretos!</arg>
</arguments>
<kw name="Get Text" library="Browser">
<tags>
<tag>Assertion</tag>
<tag>Getter</tag>
<tag>PageContent</tag>
</tags>
<doc>Returns text attribute of the element found by ``selector``.
See the `Finding elements` section for details about the selectors.</doc>
<arguments>
<arg>css=.is-danger .message-body</arg>
<arg>equal</arg>
<arg>${expect_arg}</arg>
</arguments>
<status status="PASS" starttime="20210210 07:31:35.280" endtime="20210210 07:31:35.735"></status>
</kw>
<status status="PASS" starttime="20210210 07:31:35.279" endtime="20210210 07:31:35.736"></status>
</kw>
<kw name="Take Screenshot" library="Browser" type="teardown">
<tags>
<tag>PageContent</tag>
</tags>
<doc>Takes a screenshot of the current window and saves it to ``path``. Saves it as a png.</doc>
<msg timestamp="20210210 07:31:36.238" level="INFO" html="yes">&lt;/td&gt;&lt;/tr&gt;&lt;tr&gt;&lt;td colspan="3"&gt;&lt;a href="browser/screenshot/robotframework-browser-screenshot-3.png"&gt;&lt;img src="browser/screenshot/robotframework-browser-screenshot-3.png" width="800px"&gt;&lt;/a&gt;</msg>
<status status="PASS" starttime="20210210 07:31:35.737" endtime="20210210 07:31:36.238"></status>
</kw>
<status status="PASS" starttime="20210210 07:31:21.003" endtime="20210210 07:31:36.238" critical="yes"></status>
</test>
<test id="s1-t4" name="Email não informado">
<kw name="Open Login Page" library="login_actions">
<kw name="Open Browser" library="Browser">
<tags>
<tag>BrowserControl</tag>
<tag>Setter</tag>
</tags>
<doc>Opens a new browser instance. Use this keyword for quick experiments or debugging sessions.
Use `New Page` directly instead of `Open Browser` for production and automated execution.
See `Browser, Context and Page` for more information about Browser and related concepts.</doc>
<arguments>
<arg>https://parodify.herokuapp.com/users/sign_in</arg>
<arg>chromium</arg>
</arguments>
<msg timestamp="20210210 07:31:36.376" level="WARN">Open Browser is for quick experimentation and debugging only. Use New Page for production.</msg>
<msg timestamp="20210210 07:31:36.384" level="INFO">{"browser": "chromium", "headless": false, "handleSIGINT": true, "handleSIGTERM": true, "handleSIGHUP": true, "timeout": 30000.0, "devtools": false, "slowMo": 0.0}</msg>
<msg timestamp="20210210 07:31:36.989" level="INFO">Successfully created browser with options: {"browser":"chromium","headless":false,"handleSIGINT":true,"handleSIGTERM":true,"handleSIGHUP":true,"timeout":30000,"devtools":false,"slowMo":0}</msg>
<msg timestamp="20210210 07:31:36.990" level="INFO">{"acceptDownloads": false, "ignoreHTTPSErrors": false, "bypassCSP": false, "deviceScaleFactor": 1.0, "isMobile": false, "hasTouch": false, "javaScriptEnabled": true, "offline": false, "hideRfBrowser": false}</msg>
<msg timestamp="20210210 07:31:37.002" level="INFO">Successfully created context with options: {"acceptDownloads":false,"ignoreHTTPSErrors":false,"bypassCSP":false,"deviceScaleFactor":1,"isMobile":false,"hasTouch":false,"javaScriptEnabled":true,"offline":false,"hideRfBrowser":false}</msg>
<msg timestamp="20210210 07:31:42.228" level="INFO">Successfully initialized new page object and opened url: https://parodify.herokuapp.com/users/sign_in</msg>
<status status="PASS" starttime="20210210 07:31:36.375" endtime="20210210 07:31:42.228"></status>
</kw>
<status status="PASS" starttime="20210210 07:31:36.374" endtime="20210210 07:31:42.228"></status>
</kw>
<kw name="Login With" library="login_actions">
<arguments>
<arg>${EMPTY}</arg>
<arg>pwd123</arg>
</arguments>
<kw name="Fill Text" library="Browser">
<tags>
<tag>PageContent</tag>
<tag>Setter</tag>
</tags>
<doc>Clears and fills the given ``text`` into the text field found by ``selector``.</doc>
<arguments>
<arg>id=user_email</arg>
<arg>${email_arg}</arg>
</arguments>
<msg timestamp="20210210 07:31:42.232" level="INFO">Fills the text '' in the given field.</msg>
<status status="PASS" starttime="20210210 07:31:42.230" endtime="20210210 07:31:42.263"></status>
</kw>
<kw name="Fill Text" library="Browser">
<tags>
<tag>PageContent</tag>
<tag>Setter</tag>
</tags>
<doc>Clears and fills the given ``text`` into the text field found by ``selector``.</doc>
<arguments>
<arg>id=user_password</arg>
<arg>${pass_arg}</arg>
</arguments>
<msg timestamp="20210210 07:31:42.263" level="INFO">Fills the text 'pwd123' in the given field.</msg>
<status status="PASS" starttime="20210210 07:31:42.263" endtime="20210210 07:31:42.288"></status>
</kw>
<kw name="Click" library="Browser">
<tags>
<tag>PageContent</tag>
<tag>Setter</tag>
</tags>
<doc>Simulates mouse click on the element found by ``selector``.</doc>
<arguments>
<arg>css=input[type=submit]</arg>
</arguments>
<status status="PASS" starttime="20210210 07:31:42.288" endtime="20210210 07:31:43.368"></status>
</kw>
<status status="PASS" starttime="20210210 07:31:42.229" endtime="20210210 07:31:43.369"></status>
</kw>
<kw name="Alert Should Be" library="login_actions">
<arguments>
<arg>Opps! Dados de acesso incorretos!</arg>
</arguments>
<kw name="Get Text" library="Browser">
<tags>
<tag>Assertion</tag>
<tag>Getter</tag>
<tag>PageContent</tag>
</tags>
<doc>Returns text attribute of the element found by ``selector``.
See the `Finding elements` section for details about the selectors.</doc>
<arguments>
<arg>css=.is-danger .message-body</arg>
<arg>equal</arg>
<arg>${expect_arg}</arg>
</arguments>
<status status="PASS" starttime="20210210 07:31:43.370" endtime="20210210 07:31:43.701"></status>
</kw>
<status status="PASS" starttime="20210210 07:31:43.369" endtime="20210210 07:31:43.701"></status>
</kw>
<kw name="Take Screenshot" library="Browser" type="teardown">
<tags>
<tag>PageContent</tag>
</tags>
<doc>Takes a screenshot of the current window and saves it to ``path``. Saves it as a png.</doc>
<msg timestamp="20210210 07:31:44.154" level="INFO" html="yes">&lt;/td&gt;&lt;/tr&gt;&lt;tr&gt;&lt;td colspan="3"&gt;&lt;a href="browser/screenshot/robotframework-browser-screenshot-4.png"&gt;&lt;img src="browser/screenshot/robotframework-browser-screenshot-4.png" width="800px"&gt;&lt;/a&gt;</msg>
<status status="PASS" starttime="20210210 07:31:43.702" endtime="20210210 07:31:44.154"></status>
</kw>
<status status="PASS" starttime="20210210 07:31:36.368" endtime="20210210 07:31:44.154" critical="yes"></status>
</test>
<test id="s1-t5" name="Senha não informada">
<kw name="Open Login Page" library="login_actions">
<kw name="Open Browser" library="Browser">
<tags>
<tag>BrowserControl</tag>
<tag>Setter</tag>
</tags>
<doc>Opens a new browser instance. Use this keyword for quick experiments or debugging sessions.
Use `New Page` directly instead of `Open Browser` for production and automated execution.
See `Browser, Context and Page` for more information about Browser and related concepts.</doc>
<arguments>
<arg>https://parodify.herokuapp.com/users/sign_in</arg>
<arg>chromium</arg>
</arguments>
<msg timestamp="20210210 07:31:44.270" level="WARN">Open Browser is for quick experimentation and debugging only. Use New Page for production.</msg>
<msg timestamp="20210210 07:31:44.271" level="INFO">{"browser": "chromium", "headless": false, "handleSIGINT": true, "handleSIGTERM": true, "handleSIGHUP": true, "timeout": 30000.0, "devtools": false, "slowMo": 0.0}</msg>
<msg timestamp="20210210 07:31:44.878" level="INFO">Successfully created browser with options: {"browser":"chromium","headless":false,"handleSIGINT":true,"handleSIGTERM":true,"handleSIGHUP":true,"timeout":30000,"devtools":false,"slowMo":0}</msg>
<msg timestamp="20210210 07:31:44.880" level="INFO">{"acceptDownloads": false, "ignoreHTTPSErrors": false, "bypassCSP": false, "deviceScaleFactor": 1.0, "isMobile": false, "hasTouch": false, "javaScriptEnabled": true, "offline": false, "hideRfBrowser": false}</msg>
<msg timestamp="20210210 07:31:44.895" level="INFO">Successfully created context with options: {"acceptDownloads":false,"ignoreHTTPSErrors":false,"bypassCSP":false,"deviceScaleFactor":1,"isMobile":false,"hasTouch":false,"javaScriptEnabled":true,"offline":false,"hideRfBrowser":false}</msg>
<msg timestamp="20210210 07:31:49.744" level="INFO">Successfully initialized new page object and opened url: https://parodify.herokuapp.com/users/sign_in</msg>
<status status="PASS" starttime="20210210 07:31:44.269" endtime="20210210 07:31:49.744"></status>
</kw>
<status status="PASS" starttime="20210210 07:31:44.269" endtime="20210210 07:31:49.745"></status>
</kw>
<kw name="Login With" library="login_actions">
<arguments>
<arg>papito@parodify.com</arg>
<arg>${EMPTY}</arg>
</arguments>
<kw name="Fill Text" library="Browser">
<tags>
<tag>PageContent</tag>
<tag>Setter</tag>
</tags>
<doc>Clears and fills the given ``text`` into the text field found by ``selector``.</doc>
<arguments>
<arg>id=user_email</arg>
<arg>${email_arg}</arg>
</arguments>
<msg timestamp="20210210 07:31:49.747" level="INFO">Fills the text 'papito@parodify.com' in the given field.</msg>
<status status="PASS" starttime="20210210 07:31:49.746" endtime="20210210 07:31:49.793"></status>
</kw>
<kw name="Fill Text" library="Browser">
<tags>
<tag>PageContent</tag>
<tag>Setter</tag>
</tags>
<doc>Clears and fills the given ``text`` into the text field found by ``selector``.</doc>
<arguments>
<arg>id=user_password</arg>
<arg>${pass_arg}</arg>
</arguments>
<msg timestamp="20210210 07:31:49.794" level="INFO">Fills the text '' in the given field.</msg>
<status status="PASS" starttime="20210210 07:31:49.794" endtime="20210210 07:31:49.811"></status>
</kw>
<kw name="Click" library="Browser">
<tags>
<tag>PageContent</tag>
<tag>Setter</tag>
</tags>
<doc>Simulates mouse click on the element found by ``selector``.</doc>
<arguments>
<arg>css=input[type=submit]</arg>
</arguments>
<status status="PASS" starttime="20210210 07:31:49.811" endtime="20210210 07:31:50.544"></status>
</kw>
<status status="PASS" starttime="20210210 07:31:49.745" endtime="20210210 07:31:50.544"></status>
</kw>
<kw name="Alert Should Be" library="login_actions">
<arguments>
<arg>Opps! Dados de acesso incorretos!</arg>
</arguments>
<kw name="Get Text" library="Browser">
<tags>
<tag>Assertion</tag>
<tag>Getter</tag>
<tag>PageContent</tag>
</tags>
<doc>Returns text attribute of the element found by ``selector``.
See the `Finding elements` section for details about the selectors.</doc>
<arguments>
<arg>css=.is-danger .message-body</arg>
<arg>equal</arg>
<arg>${expect_arg}</arg>
</arguments>
<status status="PASS" starttime="20210210 07:31:50.545" endtime="20210210 07:31:50.895"></status>
</kw>
<status status="PASS" starttime="20210210 07:31:50.545" endtime="20210210 07:31:50.895"></status>
</kw>
<kw name="Take Screenshot" library="Browser" type="teardown">
<tags>
<tag>PageContent</tag>
</tags>
<doc>Takes a screenshot of the current window and saves it to ``path``. Saves it as a png.</doc>
<msg timestamp="20210210 07:31:51.367" level="INFO" html="yes">&lt;/td&gt;&lt;/tr&gt;&lt;tr&gt;&lt;td colspan="3"&gt;&lt;a href="browser/screenshot/robotframework-browser-screenshot-5.png"&gt;&lt;img src="browser/screenshot/robotframework-browser-screenshot-5.png" width="800px"&gt;&lt;/a&gt;</msg>
<status status="PASS" starttime="20210210 07:31:50.896" endtime="20210210 07:31:51.367"></status>
</kw>
<status status="PASS" starttime="20210210 07:31:44.255" endtime="20210210 07:31:51.367" critical="yes"></status>
</test>
<doc>Testes da página login</doc>
<status status="PASS" starttime="20210210 07:31:01.537" endtime="20210210 07:31:51.519"></status>
</suite>
<statistics>
<total>
<stat pass="5" fail="0">Critical Tests</stat>
<stat pass="5" fail="0">All Tests</stat>
</total>
<tag>
</tag>
<suite>
<stat pass="5" fail="0" id="s1" name="Login">Login</stat>
</suite>
</statistics>
<errors>
<msg timestamp="20210210 07:31:02.367" level="WARN">Open Browser is for quick experimentation and debugging only. Use New Page for production.</msg>
<msg timestamp="20210210 07:31:14.188" level="WARN">Open Browser is for quick experimentation and debugging only. Use New Page for production.</msg>
<msg timestamp="20210210 07:31:21.018" level="WARN">Open Browser is for quick experimentation and debugging only. Use New Page for production.</msg>
<msg timestamp="20210210 07:31:36.376" level="WARN">Open Browser is for quick experimentation and debugging only. Use New Page for production.</msg>
<msg timestamp="20210210 07:31:44.270" level="WARN">Open Browser is for quick experimentation and debugging only. Use New Page for production.</msg>
</errors>
</robot>
