<?xml version="1.0" encoding="UTF-8"?>
<robot generator="Robot 3.2.2 (Python 3.9.0 on win32)" generated="20210211 07:05:59.239" rpa="false">
<suite id="s1" name="Play" source="C:\Users\04.000376\source-github\robotframework\parodify\tests\play.robot">
<test id="s1-t1" name="Reproduzir a paródia Bug de Manhã">
<kw name="Open Login Page" library="login_actions">
<kw name="Open Browser" library="Browser">
<tags>
<tag>BrowserControl</tag>
<tag>Setter</tag>
</tags>
<doc>Opens a new browser instance. Use this keyword for quick experiments or debugging sessions.
Use `New Page` directly instead of `Open Browser` for production and automated execution.
See `Browser, Context and Page` for more information about Browser and related concepts.</doc>
<arguments>
<arg>https://parodify.herokuapp.com/users/sign_in</arg>
<arg>chromium</arg>
</arguments>
<msg timestamp="20210211 07:06:00.072" level="WARN">Open Browser is for quick experimentation and debugging only. Use New Page for production.</msg>
<msg timestamp="20210211 07:06:00.073" level="INFO">{"browser": "chromium", "headless": false, "handleSIGINT": true, "handleSIGTERM": true, "handleSIGHUP": true, "timeout": 30000.0, "devtools": false, "slowMo": 0.0}</msg>
<msg timestamp="20210211 07:06:00.603" level="INFO">Successfully created browser with options: {"browser":"chromium","headless":false,"handleSIGINT":true,"handleSIGTERM":true,"handleSIGHUP":true,"timeout":30000,"devtools":false,"slowMo":0}</msg>
<msg timestamp="20210211 07:06:00.604" level="INFO">{"acceptDownloads": false, "ignoreHTTPSErrors": false, "bypassCSP": false, "deviceScaleFactor": 1.0, "isMobile": false, "hasTouch": false, "javaScriptEnabled": true, "offline": false, "hideRfBrowser": false}</msg>
<msg timestamp="20210211 07:06:00.640" level="INFO">Successfully created context with options: {"acceptDownloads":false,"ignoreHTTPSErrors":false,"bypassCSP":false,"deviceScaleFactor":1,"isMobile":false,"hasTouch":false,"javaScriptEnabled":true,"offline":false,"hideRfBrowser":false}</msg>
<msg timestamp="20210211 07:06:04.313" level="INFO">Successfully initialized new page object and opened url: https://parodify.herokuapp.com/users/sign_in</msg>
<status status="PASS" starttime="20210211 07:06:00.071" endtime="20210211 07:06:04.314"></status>
</kw>
<status status="PASS" starttime="20210211 07:06:00.071" endtime="20210211 07:06:04.314"></status>
</kw>
<kw name="Login With" library="login_actions">
<arguments>
<arg>papito@parodify.com</arg>
<arg>pwd123</arg>
</arguments>
<kw name="Fill Text" library="Browser">
<tags>
<tag>PageContent</tag>
<tag>Setter</tag>
</tags>
<doc>Clears and fills the given ``text`` into the text field found by ``selector``.</doc>
<arguments>
<arg>id=user_email</arg>
<arg>${email_arg}</arg>
</arguments>
<msg timestamp="20210211 07:06:04.317" level="INFO">Fills the text 'papito@parodify.com' in the given field.</msg>
<status status="PASS" starttime="20210211 07:06:04.316" endtime="20210211 07:06:04.364"></status>
</kw>
<kw name="Fill Text" library="Browser">
<tags>
<tag>PageContent</tag>
<tag>Setter</tag>
</tags>
<doc>Clears and fills the given ``text`` into the text field found by ``selector``.</doc>
<arguments>
<arg>id=user_password</arg>
<arg>${pass_arg}</arg>
</arguments>
<msg timestamp="20210211 07:06:04.364" level="INFO">Fills the text 'pwd123' in the given field.</msg>
<status status="PASS" starttime="20210211 07:06:04.364" endtime="20210211 07:06:04.379"></status>
</kw>
<kw name="Click" library="Browser">
<tags>
<tag>PageContent</tag>
<tag>Setter</tag>
</tags>
<doc>Simulates mouse click on the element found by ``selector``.</doc>
<arguments>
<arg>css=input[type=submit]</arg>
</arguments>
<status status="PASS" starttime="20210211 07:06:04.380" endtime="20210211 07:06:05.289"></status>
</kw>
<status status="PASS" starttime="20210211 07:06:04.315" endtime="20210211 07:06:05.289"></status>
</kw>
<kw name="Logout Link Should Be Visible" library="home_logada_actions">
<kw name="Wait For Elements State" library="Browser">
<tags>
<tag>PageContent</tag>
<tag>Wait</tag>
</tags>
<doc>Waits for the element found by ``selector`` to satisfy state option.</doc>
<arguments>
<arg>css=a[href$="sign_out"]</arg>
<arg>visible</arg>
<arg>10</arg>
</arguments>
<msg timestamp="20210211 07:06:05.597" level="INFO">Wait for Element with selector: css=a[href$="sign_out"]</msg>
<status status="PASS" starttime="20210211 07:06:05.291" endtime="20210211 07:06:05.598"></status>
</kw>
<status status="PASS" starttime="20210211 07:06:05.291" endtime="20210211 07:06:05.598"></status>
</kw>
<kw name="Click" library="Browser">
<tags>
<tag>PageContent</tag>
<tag>Setter</tag>
</tags>
<doc>Simulates mouse click on the element found by ``selector``.</doc>
<arguments>
<arg>css=a[href*=search]</arg>
</arguments>
<status status="PASS" starttime="20210211 07:06:05.599" endtime="20210211 07:06:05.652"></status>
</kw>
<kw name="Get Text" library="Browser">
<tags>
<tag>Assertion</tag>
<tag>Getter</tag>
<tag>PageContent</tag>
</tags>
<doc>Returns text attribute of the element found by ``selector``.
See the `Finding elements` section for details about the selectors.</doc>
<arguments>
<arg>h2</arg>
<arg>equal</arg>
<arg>Buscar</arg>
</arguments>
<status status="PASS" starttime="20210211 07:06:05.653" endtime="20210211 07:06:06.704"></status>
</kw>
<kw name="Click" library="Browser">
<tags>
<tag>PageContent</tag>
<tag>Setter</tag>
</tags>
<doc>Simulates mouse click on the element found by ``selector``.</doc>
<arguments>
<arg>xpath=//img[contains(@src, "sertanejo.png")]/..</arg>
</arguments>
<status status="PASS" starttime="20210211 07:06:06.704" endtime="20210211 07:06:07.368"></status>
</kw>
<kw name="Get Text" library="Browser">
<tags>
<tag>Assertion</tag>
<tag>Getter</tag>
<tag>PageContent</tag>
</tags>
<doc>Returns text attribute of the element found by ``selector``.
See the `Finding elements` section for details about the selectors.</doc>
<arguments>
<arg>h2</arg>
<arg>equal</arg>
<arg>Sertanejo</arg>
</arguments>
<status status="PASS" starttime="20210211 07:06:07.369" endtime="20210211 07:06:07.796"></status>
</kw>
<kw name="Click" library="Browser">
<tags>
<tag>PageContent</tag>
<tag>Setter</tag>
</tags>
<doc>Simulates mouse click on the element found by ``selector``.</doc>
<arguments>
<arg>xpath=//p[contains(text(), "Marcus e Debug")]/..</arg>
</arguments>
<status status="PASS" starttime="20210211 07:06:07.797" endtime="20210211 07:06:07.836"></status>
</kw>
<kw name="Get Text" library="Browser">
<tags>
<tag>Assertion</tag>
<tag>Getter</tag>
<tag>PageContent</tag>
</tags>
<doc>Returns text attribute of the element found by ``selector``.
See the `Finding elements` section for details about the selectors.</doc>
<arguments>
<arg>h2</arg>
<arg>equal</arg>
<arg>Músicas</arg>
</arguments>
<status status="PASS" starttime="20210211 07:06:07.837" endtime="20210211 07:06:08.477"></status>
</kw>
<kw name="Click" library="Browser">
<tags>
<tag>PageContent</tag>
<tag>Setter</tag>
</tags>
<doc>Simulates mouse click on the element found by ``selector``.</doc>
<arguments>
<arg>css=a[data-song$="bugdemanha.mp3"]</arg>
</arguments>
<status status="PASS" starttime="20210211 07:06:08.480" endtime="20210211 07:06:08.533"></status>
</kw>
<kw name="Sleep" library="BuiltIn">
<doc>Pauses the test executed for the given time.</doc>
<arguments>
<arg>10</arg>
</arguments>
<msg timestamp="20210211 07:06:18.535" level="INFO">Slept 10 seconds</msg>
<status status="PASS" starttime="20210211 07:06:08.533" endtime="20210211 07:06:18.535"></status>
</kw>
<status status="PASS" starttime="20210211 07:06:00.065" endtime="20210211 07:06:18.537" critical="yes"></status>
</test>
<doc>Testando a reprodução de paródias</doc>
<status status="PASS" starttime="20210211 07:05:59.242" endtime="20210211 07:06:18.657"></status>
</suite>
<statistics>
<total>
<stat pass="1" fail="0">Critical Tests</stat>
<stat pass="1" fail="0">All Tests</stat>
</total>
<tag>
</tag>
<suite>
<stat pass="1" fail="0" id="s1" name="Play">Play</stat>
</suite>
</statistics>
<errors>
<msg timestamp="20210211 07:06:00.072" level="WARN">Open Browser is for quick experimentation and debugging only. Use New Page for production.</msg>
</errors>
</robot>
